This file contains any messages produced by compilers while
running configure, to aid debugging if configure makes a mistake.

It was created by Geiser configure 0.5, which was
generated by GNU Autoconf 2.69.  Invocation command line was

  $ ../configure 

## --------- ##
## Platform. ##
## --------- ##

hostname = aborn-pc
uname -m = i686
uname -r = 3.13.0-24-generic
uname -s = Linux
uname -v = #46-Ubuntu SMP Thu Apr 10 19:08:14 UTC 2014

/usr/bin/uname -p = unknown
/bin/uname -X     = unknown

/bin/arch              = unknown
/usr/bin/arch -k       = unknown
/usr/convex/getsysinfo = unknown
/usr/bin/hostinfo      = unknown
/bin/machine           = unknown
/usr/bin/oslevel       = unknown
/bin/universe          = unknown

PATH: /home/aborn/local/bin
PATH: /home/aborn/local/bin
PATH: /usr/local/sbin
PATH: /usr/local/bin
PATH: /usr/sbin
PATH: /usr/bin
PATH: /sbin
PATH: /bin
PATH: /usr/games
PATH: /usr/local/games
PATH: /home/aborn/aborn/scripts
PATH: /home/aborn/research/lib/lib.exe/libsvm-2.17
PATH: /home/aborn/code/configure
PATH: /home/aborn/software/jdk1.7.0_45/bin
PATH: /sbin/
PATH: /usr/matlab/bin


## ----------- ##
## Core tests. ##
## ----------- ##

configure:1773: checking for a BSD-compatible install
configure:1841: result: /usr/bin/install -c
configure:1852: checking whether build environment is sane
configure:1907: result: yes
configure:2058: checking for a thread-safe mkdir -p
configure:2097: result: /bin/mkdir -p
configure:2104: checking for gawk
configure:2134: result: no
configure:2104: checking for mawk
configure:2120: found /usr/bin/mawk
configure:2131: result: mawk
configure:2142: checking whether make sets $(MAKE)
configure:2164: result: yes
configure:2193: checking whether make supports nested variables
configure:2210: result: yes
configure:2336: checking whether make sets $(MAKE)
configure:2358: result: yes
configure:2371: checking for makeinfo
configure:2399: result: ${SHELL} /home/aborn/tmp/geiser/missing makeinfo
configure:2415: checking for emacs
configure:2431: found /usr/bin/emacs
configure:2442: result: emacs
configure:2466: checking where .elc files should go
configure:2479: $EMACS -batch -q -eval '(while load-path (princ (concat (car load-path) "\n")) (setq load-path (cdr load-path)))' </dev/null >conftest.out
Loading 00debian-vars...
Loading /etc/emacs/site-start.d/50autoconf.el (source)...
Loading /etc/emacs/site-start.d/50dictionaries-common.el (source)...
Loading /var/cache/dictionaries-common/emacsen-ispell-dicts.el (source)...
Error while loading 50dictionaries-common: Symbol's value as variable is void: debian-aspell-only-dictionary-alist
Loading /etc/emacs/site-start.d/50latex-cjk-common.el (source)...
Loading cjk-enc...
Loading /etc/emacs/site-start.d/50latex-cjk-thai.el (source)...
Loading /etc/emacs/site-start.d/50python-docutils.el (source)...
Loading /etc/emacs/site-start.d/50python-guppy.el (source)...
configure:2482: $? = 0
configure:2495: result: ${datarootdir}/emacs/site-lisp
configure:2652: checking that generated files are newer than configure
configure:2658: result: done
configure:2666: creating ./config.status

## ---------------------- ##
## Running config.status. ##
## ---------------------- ##

This file was extended by Geiser config.status 0.5, which was
generated by GNU Autoconf 2.69.  Invocation command line was

  CONFIG_FILES    = 
  CONFIG_HEADERS  = 
  CONFIG_LINKS    = 
  CONFIG_COMMANDS = 
  $ ./config.status 

on aborn-pc

config.status:751: creating Makefile
config.status:751: creating elisp/Makefile
config.status:751: creating elisp/geiser-version.el
config.status:751: creating elisp/geiser-load.el
config.status:751: creating scheme/Makefile
config.status:751: creating bin/Makefile
config.status:751: creating doc/Makefile

## ---------------- ##
## Cache variables. ##
## ---------------- ##

ac_cv_env_EMACSLOADPATH_set=
ac_cv_env_EMACSLOADPATH_value=
ac_cv_env_EMACS_set=
ac_cv_env_EMACS_value=
ac_cv_env_build_alias_set=
ac_cv_env_build_alias_value=
ac_cv_env_host_alias_set=
ac_cv_env_host_alias_value=
ac_cv_env_target_alias_set=
ac_cv_env_target_alias_value=
ac_cv_path_install='/usr/bin/install -c'
ac_cv_path_mkdir=/bin/mkdir
ac_cv_prog_AWK=mawk
ac_cv_prog_EMACS=emacs
ac_cv_prog_MAKEINFO='${SHELL} /home/aborn/tmp/geiser/missing makeinfo'
ac_cv_prog_make_make_set=yes
am_cv_lispdir='${datarootdir}/emacs/site-lisp'
am_cv_make_support_nested_variables=yes

## ----------------- ##
## Output variables. ##
## ----------------- ##

ACLOCAL='${SHELL} /home/aborn/tmp/geiser/missing aclocal-1.14'
AMTAR='$${TAR-tar}'
AM_BACKSLASH='\'
AM_DEFAULT_V='$(AM_DEFAULT_VERBOSITY)'
AM_DEFAULT_VERBOSITY='1'
AM_V='$(V)'
AUTOCONF='${SHELL} /home/aborn/tmp/geiser/missing autoconf'
AUTOHEADER='${SHELL} /home/aborn/tmp/geiser/missing autoheader'
AUTOMAKE='${SHELL} /home/aborn/tmp/geiser/missing automake-1.14'
AWK='mawk'
CYGPATH_W='echo'
DEFS='-DPACKAGE_NAME=\"Geiser\" -DPACKAGE_TARNAME=\"geiser\" -DPACKAGE_VERSION=\"0.5\" -DPACKAGE_STRING=\"Geiser\ 0.5\" -DPACKAGE_BUGREPORT=\"geiser-users@nongnu.org\" -DPACKAGE_URL=\"\" -DPACKAGE=\"geiser\" -DVERSION=\"0.5\"'
ECHO_C=''
ECHO_N='-n'
ECHO_T=''
EMACS='emacs'
EMACSLOADPATH=''
INSTALL_DATA='${INSTALL} -m 644'
INSTALL_PROGRAM='${INSTALL}'
INSTALL_SCRIPT='${INSTALL}'
INSTALL_STRIP_PROGRAM='$(install_sh) -c -s'
LIBOBJS=''
LIBS=''
LTLIBOBJS=''
MAKEINFO='${SHELL} /home/aborn/tmp/geiser/missing makeinfo'
MKDIR_P='/bin/mkdir -p'
PACKAGE='geiser'
PACKAGE_BUGREPORT='geiser-users@nongnu.org'
PACKAGE_NAME='Geiser'
PACKAGE_STRING='Geiser 0.5'
PACKAGE_TARNAME='geiser'
PACKAGE_URL=''
PACKAGE_VERSION='0.5'
PATH_SEPARATOR=':'
SET_MAKE=''
SHELL='/bin/bash'
STRIP=''
VERSION='0.5'
am__isrc=' -I$(srcdir)'
am__leading_dot='.'
am__tar='$${TAR-tar} chof - "$$tardir"'
am__untar='$${TAR-tar} xf -'
bindir='${exec_prefix}/bin'
build_alias=''
datadir='${datarootdir}'
datarootdir='${prefix}/share'
docdir='${datarootdir}/doc/${PACKAGE_TARNAME}'
dvidir='${docdir}'
exec_prefix='${prefix}'
host_alias=''
htmldir='${docdir}'
includedir='${prefix}/include'
infodir='${datarootdir}/info'
install_sh='${SHELL} /home/aborn/tmp/geiser/install-sh'
libdir='${exec_prefix}/lib'
libexecdir='${exec_prefix}/libexec'
lispdir='${datarootdir}/emacs/site-lisp'
localedir='${datarootdir}/locale'
localstatedir='${prefix}/var'
mandir='${datarootdir}/man'
mkdir_p='$(MKDIR_P)'
oldincludedir='/usr/include'
pdfdir='${docdir}'
prefix='/usr/local'
program_transform_name='s,x,x,'
psdir='${docdir}'
sbindir='${exec_prefix}/sbin'
sharedstatedir='${prefix}/com'
sysconfdir='${prefix}/etc'
target_alias=''

## ----------- ##
## confdefs.h. ##
## ----------- ##

/* confdefs.h */
#define PACKAGE_NAME "Geiser"
#define PACKAGE_TARNAME "geiser"
#define PACKAGE_VERSION "0.5"
#define PACKAGE_STRING "Geiser 0.5"
#define PACKAGE_BUGREPORT "geiser-users@nongnu.org"
#define PACKAGE_URL ""
#define PACKAGE "geiser"
#define VERSION "0.5"

configure: exit 0
